[debug] [2023-08-29T19:53:25.924Z] ----------------------------------------------------------------------
[debug] [2023-08-29T19:53:25.926Z] Command:       C:\Program Files\nodejs\node.exe C:\Users\morec\AppData\Roaming\npm\node_modules\firebase-tools\lib\bin\firebase.js init
[debug] [2023-08-29T19:53:25.926Z] CLI Version:   12.2.1
[debug] [2023-08-29T19:53:25.927Z] Platform:      win32
[debug] [2023-08-29T19:53:25.927Z] Node Version:  v19.8.1
[debug] [2023-08-29T19:53:25.927Z] Time:          Tue Aug 29 2023 21:53:25 GMT+0200 (Mitteleuropäische Sommerzeit)
[debug] [2023-08-29T19:53:25.927Z] ----------------------------------------------------------------------
[debug] 
[debug] [2023-08-29T19:53:25.987Z] > command requires scopes: ["email","openid","https://www.googleapis.com/auth/cloudplatformprojects.readonly","https://www.googleapis.com/auth/firebase","https://www.googleapis.com/auth/cloud-platform"]
[debug] [2023-08-29T19:53:25.987Z] > authorizing via signed-in user (bischof.david.db@gmail.com)
[info] 
     ######## #### ########  ######## ########     ###     ######  ########
     ##        ##  ##     ## ##       ##     ##  ##   ##  ##       ##
     ######    ##  ########  ######   ########  #########  ######  ######
     ##        ##  ##    ##  ##       ##     ## ##     ##       ## ##
     ##       #### ##     ## ######## ########  ##     ##  ######  ########

You're about to initialize a Firebase project in this directory:

  C:\Projekte\wishlingo

Before we get started, keep in mind:

  * You are currently outside your home directory
  * You are initializing within an existing Firebase project directory

[info] 
=== Project Setup
[info] 
[info] First, let's associate this project directory with a Firebase project.
[info] You can create multiple project aliases by running firebase use --add, 
[info] but for now we'll just set up a default project.
[info] 
[debug] [2023-08-29T19:53:54.117Z] Using project from CLI flag: wishlingode
[debug] [2023-08-29T19:53:54.119Z] >>> [apiv2][query] GET https://firebase.googleapis.com/v1beta1/projects/wishlingode [none]
[debug] [2023-08-29T19:53:54.415Z] <<< [apiv2][status] GET https://firebase.googleapis.com/v1beta1/projects/wishlingode 200
[debug] [2023-08-29T19:53:54.416Z] <<< [apiv2][body] GET https://firebase.googleapis.com/v1beta1/projects/wishlingode {"projectId":"wishlingode","projectNumber":"710272943387","displayName":"Wishlingo","name":"projects/wishlingode","resources":{"hostingSite":"wishlingode","realtimeDatabaseInstance":"wishlingode-default-rtdb","storageBucket":"wishlingode.appspot.com","locationId":"europe-west"},"state":"ACTIVE","etag":"1_fe7a48ca-e47d-4bbb-9869-4813ad4e67ca"}
[info] i  Using project wishlingode (Wishlingo) 
[info] 
=== Hosting Setup
[info] 
[info] Your public directory is the folder (relative to your project directory) that
[info] will contain Hosting assets to be uploaded with firebase deploy. If you
[info] have a build process for your assets, use your build's output directory.
[info] 
[debug] [2023-08-29T19:54:10.273Z] >>> [apiv2][query] GET https://www.gstatic.com/firebasejs/releases.json [none]
[debug] [2023-08-29T19:54:10.351Z] <<< [apiv2][status] GET https://www.gstatic.com/firebasejs/releases.json 200
[debug] [2023-08-29T19:54:10.351Z] <<< [apiv2][body] GET https://www.gstatic.com/firebasejs/releases.json {"current":{"version":"10.3.0","browserURL":"https://www.gstatic.com/firebasejs/10.3.0/firebase.js","packageURL":"https://www.gstatic.com/firebasejs/10.3.0/firebase.tgz"},"live":{"version":"10.3","browserURL":"https://www.gstatic.com/firebasejs/live/10.3/firebase.js","packageURL":"https://www.gstatic.com/firebasejs/live/10.3/firebase.tgz"},"components":{"analytics":"https://www.gstatic.com/firebasejs/10.3.0/firebase-analytics.js","app":"https://www.gstatic.com/firebasejs/10.3.0/firebase-app.js","app-check":"https://www.gstatic.com/firebasejs/10.3.0/firebase-app-check.js","auth":"https://www.gstatic.com/firebasejs/10.3.0/firebase-auth.js","auth/cordova":"https://www.gstatic.com/firebasejs/10.3.0/firebase-auth/cordova.js","functions":"https://www.gstatic.com/firebasejs/10.3.0/firebase-functions.js","firestore":"https://www.gstatic.com/firebasejs/10.3.0/firebase-firestore.js","firestore/lite":"https://www.gstatic.com/firebasejs/10.3.0/firebase-firestore/lite.js","installations":"https://www.gstatic.com/firebasejs/10.3.0/firebase-installations.js","storage":"https://www.gstatic.com/firebasejs/10.3.0/firebase-storage.js","performance":"https://www.gstatic.com/firebasejs/10.3.0/firebase-performance.js","remote-config":"https://www.gstatic.com/firebasejs/10.3.0/firebase-remote-config.js","messaging":"https://www.gstatic.com/firebasejs/10.3.0/firebase-messaging.js","messaging/sw":"https://www.gstatic.com/firebasejs/10.3.0/firebase-messaging/sw.js","database":"https://www.gstatic.com/firebasejs/10.3.0/firebase-database.js","firestore.memory":"https://www.gstatic.com/firebasejs/10.3.0/firebase-firestore.memory.js"}}
